\BOOKMARK [1][-]{section.1}{\376\377\000I\000n\000t\000r\000o\000d\000u\000c\000t\000i\000o\000n}{}% 1
\BOOKMARK [2][-]{subsection.1.1}{\376\377\000T\000h\000e\000\040\000V\000e\000r\000i\000f\000i\000c\000a\000t\000i\000o\000n\000\040\000P\000r\000o\000b\000l\000e\000m}{section.1}% 2
\BOOKMARK [2][-]{subsection.1.2}{\376\377\000W\000h\000a\000t\000\040\000T\000h\000i\000s\000\040\000P\000a\000p\000e\000r\000\040\000C\000o\000n\000t\000r\000i\000b\000u\000t\000e\000s}{section.1}% 3
\BOOKMARK [2][-]{subsection.1.3}{\376\377\000W\000h\000y\000\040\000T\000h\000i\000s\000\040\000M\000a\000t\000t\000e\000r\000s}{section.1}% 4
\BOOKMARK [1][-]{section.2}{\376\377\000B\000a\000c\000k\000g\000r\000o\000u\000n\000d\000:\000\040\000W\000h\000y\000\040\000T\000e\000x\000t\000-\000O\000n\000l\000y\000\040\000O\000b\000s\000e\000r\000v\000a\000t\000i\000o\000n\000\040\000F\000a\000i\000l\000s}{}% 5
\BOOKMARK [2][-]{subsection.2.1}{\376\377\000T\000h\000e\000\040\000O\000b\000s\000e\000r\000v\000a\000t\000i\000o\000n\000a\000l\000\040\000G\000a\000p}{section.2}% 6
\BOOKMARK [2][-]{subsection.2.2}{\376\377\000W\000h\000y\000\040\000A\000d\000d\000i\000n\000g\000\040\000M\000o\000r\000e\000\040\000S\000u\000p\000e\000r\000v\000i\000s\000o\000r\000s\000\040\000D\000o\000e\000s\000n\000'\000t\000\040\000S\000o\000l\000v\000e\000\040\000I\000t}{section.2}% 7
\BOOKMARK [2][-]{subsection.2.3}{\376\377\000T\000h\000e\000\040\000F\000L\000P\000\040\000C\000o\000n\000n\000e\000c\000t\000i\000o\000n\000:\000\040\000A\000n\000\040\000I\000m\000p\000o\000s\000s\000i\000b\000i\000l\000i\000t\000y\000\040\000F\000r\000a\000m\000e\000w\000o\000r\000k}{section.2}% 8
\BOOKMARK [2][-]{subsection.2.4}{\376\377\000Q\000u\000e\000r\000y\000\040\000C\000a\000t\000e\000g\000o\000r\000i\000e\000s\000\040\000a\000n\000d\000\040\000t\000h\000e\000\040\000S\000e\000l\000f\000-\000R\000e\000p\000o\000r\000t\000\040\000I\000n\000v\000e\000r\000s\000i\000o\000n}{section.2}% 9
\BOOKMARK [2][-]{subsection.2.5}{\376\377\000T\000h\000e\000\040\000E\000s\000c\000a\000p\000e\000\040\000C\000o\000n\000d\000i\000t\000i\000o\000n}{section.2}% 10
\BOOKMARK [1][-]{section.3}{\376\377\000T\000h\000e\000\040\000I\000m\000p\000o\000s\000s\000i\000b\000i\000l\000i\000t\000y}{}% 11
\BOOKMARK [2][-]{subsection.3.1}{\376\377\000D\000e\000f\000i\000n\000i\000t\000i\000o\000n\000s}{section.3}% 12
\BOOKMARK [2][-]{subsection.3.2}{\376\377\000R\000e\000p\000r\000e\000s\000e\000n\000t\000a\000t\000i\000o\000n\000a\000l\000\040\000I\000m\000p\000o\000s\000s\000i\000b\000i\000l\000i\000t\000y}{section.3}% 13
\BOOKMARK [2][-]{subsection.3.3}{\376\377\000T\000h\000e\000\040\000R\000A\000G\000\040\000E\000s\000c\000a\000p\000e\000?}{section.3}% 14
\BOOKMARK [2][-]{subsection.3.4}{\376\377\000S\000t\000a\000c\000k\000i\000n\000g\000\040\000J\000u\000d\000g\000e\000s\000\040\000C\000a\000n\000n\000o\000t\000\040\000E\000s\000c\000a\000p\000e}{section.3}% 15
\BOOKMARK [2][-]{subsection.3.5}{\376\377\000V\000e\000r\000i\000f\000i\000c\000a\000t\000i\000o\000n\000\040\000C\000o\000s\000t}{section.3}% 16
\BOOKMARK [2][-]{subsection.3.6}{\376\377\000R\000e\000s\000p\000o\000n\000s\000i\000b\000i\000l\000i\000t\000y\000\040\000C\000o\000n\000c\000e\000n\000t\000r\000a\000t\000i\000o\000n}{section.3}% 17
\BOOKMARK [1][-]{section.4}{\376\377\000T\000h\000e\000\040\000T\000e\000n\000s\000o\000r\000\040\000I\000n\000t\000e\000r\000f\000a\000c\000e\000\040\000D\000e\000s\000i\000g\000n}{}% 18
\BOOKMARK [2][-]{subsection.4.1}{\376\377\000W\000h\000a\000t\000\040\000t\000h\000e\000\040\000T\000e\000n\000s\000o\000r\000\040\000I\000n\000t\000e\000r\000f\000a\000c\000e\000\040\000I\000s}{section.4}% 19
\BOOKMARK [2][-]{subsection.4.2}{\376\377\000W\000h\000y\000\040\000T\000h\000e\000s\000e\000\040\000S\000i\000g\000n\000a\000l\000s\000\040\000W\000o\000r\000k}{section.4}% 20
\BOOKMARK [2][-]{subsection.4.3}{\376\377\000T\000h\000r\000e\000e\000\040\000A\000r\000c\000h\000i\000t\000e\000c\000t\000u\000r\000a\000l\000\040\000P\000r\000i\000n\000c\000i\000p\000l\000e\000s}{section.4}% 21
\BOOKMARK [3][-]{subsubsection.4.3.1}{\376\377\000P\000r\000i\000n\000c\000i\000p\000l\000e\000\040\0001\000:\000\040\000S\000t\000a\000t\000e\000\040\000E\000x\000t\000e\000r\000i\000o\000r\000i\000t\000y}{subsection.4.3}% 22
\BOOKMARK [3][-]{subsubsection.4.3.2}{\376\377\000P\000r\000i\000n\000c\000i\000p\000l\000e\000\040\0002\000:\000\040\000V\000e\000r\000i\000f\000i\000c\000a\000t\000i\000o\000n\000\040\000I\000n\000d\000e\000p\000e\000n\000d\000e\000n\000c\000e}{subsection.4.3}% 23
\BOOKMARK [3][-]{subsubsection.4.3.3}{\376\377\000P\000r\000i\000n\000c\000i\000p\000l\000e\000\040\0003\000:\000\040\000P\000r\000o\000v\000e\000n\000a\000n\000c\000e\000\040\000B\000i\000n\000d\000i\000n\000g}{subsection.4.3}% 24
\BOOKMARK [2][-]{subsection.4.4}{\376\377\000H\000o\000w\000\040\000T\000h\000e\000s\000e\000\040\000P\000r\000i\000n\000c\000i\000p\000l\000e\000s\000\040\000E\000s\000c\000a\000p\000e\000\040\000t\000h\000e\000\040\000I\000m\000p\000o\000s\000s\000i\000b\000i\000l\000i\000t\000y}{section.4}% 25
\BOOKMARK [2][-]{subsection.4.5}{\376\377\000I\000m\000p\000l\000e\000m\000e\000n\000t\000a\000t\000i\000o\000n\000:\000\040\000F\000r\000o\000m\000\040\000T\000h\000e\000o\000r\000y\000\040\000t\000o\000\040\000P\000r\000a\000c\000t\000i\000c\000e}{section.4}% 26
\BOOKMARK [2][-]{subsection.4.6}{\376\377\000D\000e\000s\000i\000g\000n\000\040\000D\000e\000c\000i\000s\000i\000o\000n\000s\000\040\000a\000n\000d\000\040\000T\000r\000a\000d\000e\000-\000o\000f\000f\000s}{section.4}% 27
\BOOKMARK [2][-]{subsection.4.7}{\376\377\000W\000h\000a\000t\000\040\000t\000h\000e\000\040\000T\000e\000n\000s\000o\000r\000\040\000I\000n\000t\000e\000r\000f\000a\000c\000e\000\040\000R\000e\000q\000u\000i\000r\000e\000s\000\040\000f\000r\000o\000m\000\040\000P\000r\000o\000v\000i\000d\000e\000r\000s}{section.4}% 28
\BOOKMARK [1][-]{section.5}{\376\377\000E\000m\000p\000i\000r\000i\000c\000a\000l\000\040\000C\000o\000s\000t\000\040\000S\000u\000r\000f\000a\000c\000e}{}% 29
\BOOKMARK [2][-]{subsection.5.1}{\376\377\000T\000h\000e\000\040\000Q\000u\000e\000s\000t\000i\000o\000n}{section.5}% 30
\BOOKMARK [2][-]{subsection.5.2}{\376\377\000E\000x\000p\000e\000r\000i\000m\000e\000n\000t\000a\000l\000\040\000D\000e\000s\000i\000g\000n}{section.5}% 31
\BOOKMARK [2][-]{subsection.5.3}{\376\377\000J\000u\000d\000g\000e\000\040\000C\000o\000n\000d\000i\000t\000i\000o\000n\000s}{section.5}% 32
\BOOKMARK [2][-]{subsection.5.4}{\376\377\000R\000e\000s\000u\000l\000t\000s\000:\000\040\000T\000h\000e\000\040\000C\000o\000s\000t\000\040\000S\000u\000r\000f\000a\000c\000e}{section.5}% 33
\BOOKMARK [2][-]{subsection.5.5}{\376\377\000W\000h\000y\000\040\000T\000e\000n\000s\000o\000r\000\040\000W\000i\000n\000s\000:\000\040\000C\000o\000m\000p\000u\000t\000a\000t\000i\000o\000n\000a\000l\000\040\000v\000s\000.\000\040\000B\000e\000h\000a\000v\000i\000o\000r\000a\000l\000\040\000S\000i\000g\000n\000a\000l\000s}{section.5}% 34
\BOOKMARK [2][-]{subsection.5.6}{\376\377\000F\000a\000i\000l\000u\000r\000e\000\040\000M\000o\000d\000e\000s\000\040\000a\000n\000d\000\040\000C\000o\000m\000p\000o\000s\000i\000t\000i\000o\000n\000a\000l\000\040\000L\000i\000m\000i\000t\000s}{section.5}% 35
\BOOKMARK [2][-]{subsection.5.7}{\376\377\000G\000r\000o\000u\000n\000d\000\040\000T\000r\000u\000t\000h\000\040\000a\000s\000\040\000a\000n\000\040\000O\000b\000s\000e\000r\000v\000a\000t\000i\000o\000n\000a\000l\000\040\000P\000r\000o\000b\000l\000e\000m}{section.5}% 36
\BOOKMARK [2][-]{subsection.5.8}{\376\377\000W\000h\000a\000t\000\040\000t\000h\000e\000\040\000C\000o\000s\000t\000\040\000S\000u\000r\000f\000a\000c\000e\000\040\000T\000e\000l\000l\000s\000\040\000U\000s}{section.5}% 37
\BOOKMARK [2][-]{subsection.5.9}{\376\377\000C\000r\000o\000s\000s\000-\000A\000r\000c\000h\000i\000t\000e\000c\000t\000u\000r\000e\000\040\000G\000e\000n\000e\000r\000a\000l\000i\000z\000a\000t\000i\000o\000n}{section.5}% 38
\BOOKMARK [1][-]{section.6}{\376\377\000L\000i\000m\000i\000t\000a\000t\000i\000o\000n\000s\000\040\000a\000n\000d\000\040\000O\000p\000e\000n\000\040\000Q\000u\000e\000s\000t\000i\000o\000n\000s}{}% 39
\BOOKMARK [2][-]{subsection.6.1}{\376\377\000W\000h\000a\000t\000\040\000W\000e\000\040\000D\000o\000\040\000N\000O\000T\000\040\000C\000l\000a\000i\000m}{section.6}% 40
\BOOKMARK [2][-]{subsection.6.2}{\376\377\000F\000u\000t\000u\000r\000e\000\040\000W\000o\000r\000k\000:\000\040\000A\000d\000v\000e\000r\000s\000a\000r\000i\000a\000l\000\040\000R\000o\000b\000u\000s\000t\000n\000e\000s\000s}{section.6}% 41
\BOOKMARK [2][-]{subsection.6.3}{\376\377\000F\000u\000t\000u\000r\000e\000\040\000W\000o\000r\000k\000:\000\040\000C\000o\000m\000p\000o\000s\000i\000t\000i\000o\000n\000a\000l\000\040\000I\000n\000t\000e\000g\000r\000i\000t\000y}{section.6}% 42
\BOOKMARK [2][-]{subsection.6.4}{\376\377\000S\000i\000g\000n\000a\000l\000\040\000A\000c\000c\000e\000s\000s\000\040\000a\000s\000\040\000a\000\040\000G\000o\000v\000e\000r\000n\000a\000n\000c\000e\000\040\000D\000e\000c\000i\000s\000i\000o\000n}{section.6}% 43
\BOOKMARK [2][-]{subsection.6.5}{\376\377\000T\000h\000e\000\040\000I\000n\000d\000u\000s\000t\000r\000y\000\040\000T\000r\000e\000n\000d\000:\000\040\000T\000o\000w\000a\000r\000d\000\040\000G\000r\000e\000a\000t\000e\000r\000\040\000O\000p\000a\000c\000i\000t\000y}{section.6}% 44
\BOOKMARK [2][-]{subsection.6.6}{\376\377\000T\000h\000e\000\040\000S\000u\000f\000f\000i\000c\000i\000e\000n\000c\000y\000\040\000G\000a\000p}{section.6}% 45
\BOOKMARK [2][-]{subsection.6.7}{\376\377\000W\000h\000a\000t\000\040\000T\000h\000i\000s\000\040\000P\000a\000p\000e\000r\000\040\000I\000s\000\040\000A\000c\000t\000u\000a\000l\000l\000y\000\040\000A\000b\000o\000u\000t}{section.6}% 46
\BOOKMARK [1][-]{section.7}{\376\377\000R\000e\000l\000a\000t\000e\000d\000\040\000W\000o\000r\000k}{}% 47
\BOOKMARK [1][-]{section.8}{\376\377\000C\000o\000n\000c\000l\000u\000s\000i\000o\000n}{}% 48
\BOOKMARK [1][-]{appendix.A}{\376\377\000T\000L\000A\000+\000\040\000S\000p\000e\000c\000i\000f\000i\000c\000a\000t\000i\000o\000n\000s}{}% 49
\BOOKMARK [2][-]{subsection.A.1}{\376\377\000S\000p\000e\000c\000i\000f\000i\000c\000a\000t\000i\000o\000n\000\040\0001\000:\000\040\000T\000e\000x\000t\000-\000O\000n\000l\000y\000\040\000I\000m\000p\000o\000s\000s\000i\000b\000i\000l\000i\000t\000y}{appendix.A}% 50
\BOOKMARK [2][-]{subsection.A.2}{\376\377\000S\000p\000e\000c\000i\000f\000i\000c\000a\000t\000i\000o\000n\000\040\0002\000:\000\040\000T\000e\000n\000s\000o\000r\000\040\000I\000n\000t\000e\000r\000f\000a\000c\000e\000\040\000E\000s\000c\000a\000p\000e}{appendix.A}% 51
\BOOKMARK [2][-]{subsection.A.3}{\376\377\000V\000a\000l\000i\000d\000a\000t\000i\000o\000n}{appendix.A}% 52
\BOOKMARK [1][-]{appendix.B}{\376\377\000M\000a\000c\000h\000i\000n\000e\000-\000C\000h\000e\000c\000k\000e\000d\000\040\000P\000r\000o\000o\000f\000s\000\040\000\050\000L\000e\000a\000n\000\040\0004\000\051}{}% 53
\BOOKMARK [2][-]{subsection.B.1}{\376\377\000T\000h\000e\000o\000r\000e\000m\000\040\0001\000:\000\040\000R\000e\000p\000r\000e\000s\000e\000n\000t\000a\000t\000i\000o\000n\000a\000l\000\040\000I\000m\000p\000o\000s\000s\000i\000b\000i\000l\000i\000t\000y}{appendix.B}% 54
\BOOKMARK [2][-]{subsection.B.2}{\376\377\000T\000h\000e\000o\000r\000e\000m\000\040\0002\000:\000\040\000L\000e\000a\000r\000n\000a\000b\000i\000l\000i\000t\000y\000\040\000I\000m\000p\000o\000s\000s\000i\000b\000i\000l\000i\000t\000y}{appendix.B}% 55
\BOOKMARK [2][-]{subsection.B.3}{\376\377\000L\000e\000m\000m\000a\000:\000\040\000O\000b\000s\000e\000r\000v\000a\000t\000i\000o\000n\000\040\000M\000o\000n\000o\000t\000o\000n\000i\000c\000i\000t\000y}{appendix.B}% 56
\BOOKMARK [2][-]{subsection.B.4}{\376\377\000C\000o\000r\000o\000l\000l\000a\000r\000y\000:\000\040\000N\000o\000\040\000S\000t\000a\000c\000k\000\040\000o\000f\000\040\000T\000e\000x\000t\000-\000O\000n\000l\000y\000\040\000J\000u\000d\000g\000e\000s\000\040\000E\000s\000c\000a\000p\000e\000s}{appendix.B}% 57
\BOOKMARK [2][-]{subsection.B.5}{\376\377\000C\000o\000m\000p\000i\000l\000a\000t\000i\000o\000n\000\040\000S\000t\000a\000t\000u\000s}{appendix.B}% 58
\BOOKMARK [1][-]{appendix.C}{\376\377\000D\000e\000t\000a\000i\000l\000e\000d\000\040\000M\000e\000t\000h\000o\000d\000o\000l\000o\000g\000y}{}% 59
\BOOKMARK [2][-]{subsection.C.1}{\376\377\000A\000r\000t\000i\000f\000a\000c\000t\000\040\000R\000e\000p\000o\000s\000i\000t\000o\000r\000y}{appendix.C}% 60
\BOOKMARK [2][-]{subsection.C.2}{\376\377\000O\000v\000e\000r\000v\000i\000e\000w}{appendix.C}% 61
\BOOKMARK [2][-]{subsection.C.3}{\376\377\000D\000a\000t\000a\000\040\000C\000o\000l\000l\000e\000c\000t\000i\000o\000n}{appendix.C}% 62
\BOOKMARK [3][-]{subsubsection.C.3.1}{\376\377\000Q\000u\000e\000r\000y\000\040\000C\000a\000t\000e\000g\000o\000r\000i\000e\000s}{subsection.C.3}% 63
\BOOKMARK [3][-]{subsubsection.C.3.2}{\376\377\000M\000o\000d\000e\000l\000s}{subsection.C.3}% 64
\BOOKMARK [2][-]{subsection.C.4}{\376\377\000S\000i\000g\000n\000a\000l\000\040\000E\000x\000t\000r\000a\000c\000t\000i\000o\000n}{appendix.C}% 65
\BOOKMARK [3][-]{subsubsection.C.4.1}{\376\377\000T\000e\000x\000t\000\040\000F\000e\000a\000t\000u\000r\000e\000s}{subsection.C.4}% 66
\BOOKMARK [3][-]{subsubsection.C.4.2}{\376\377\000T\000e\000n\000s\000o\000r\000\040\000F\000e\000a\000t\000u\000r\000e\000s\000\040\000\050\000R\000e\000q\000u\000i\000r\000e\000\040\000M\000o\000d\000e\000l\000\040\000A\000c\000c\000e\000s\000s\000\051}{subsection.C.4}% 67
\BOOKMARK [2][-]{subsection.C.5}{\376\377\000G\000r\000o\000u\000n\000d\000\040\000T\000r\000u\000t\000h\000\040\000E\000v\000a\000l\000u\000a\000t\000i\000o\000n\000\040\000\050\000E\000x\000p\000\040\0002\0007\000b\000\051}{appendix.C}% 68
\BOOKMARK [3][-]{subsubsection.C.5.1}{\376\377\000T\000i\000e\000r\000\040\0001\000:\000\040\000P\000r\000o\000g\000r\000a\000m\000m\000a\000t\000i\000c\000\040\000V\000e\000r\000i\000f\000i\000c\000a\000t\000i\000o\000n}{subsection.C.5}% 69
\BOOKMARK [3][-]{subsubsection.C.5.2}{\376\377\000T\000i\000e\000r\000\040\0002\000:\000\040\000L\000L\000M\000\040\000C\000l\000a\000s\000s\000i\000f\000i\000c\000a\000t\000i\000o\000n}{subsection.C.5}% 70
\BOOKMARK [3][-]{subsubsection.C.5.3}{\376\377\000T\000i\000e\000r\000\040\0003\000:\000\040\000H\000u\000m\000a\000n\000\040\000C\000a\000l\000i\000b\000r\000a\000t\000i\000o\000n}{subsection.C.5}% 71
\BOOKMARK [2][-]{subsection.C.6}{\376\377\000A\000n\000a\000l\000y\000s\000i\000s\000\040\000P\000i\000p\000e\000l\000i\000n\000e}{appendix.C}% 72
\BOOKMARK [3][-]{subsubsection.C.6.1}{\376\377\000B\000u\000d\000g\000e\000t\000\040\000C\000u\000r\000v\000e\000\040\000C\000o\000m\000p\000u\000t\000a\000t\000i\000o\000n}{subsection.C.6}% 73
\BOOKMARK [3][-]{subsubsection.C.6.2}{\376\377\000T\000e\000s\000t\000\040\000S\000e\000t\000\040\000C\000o\000m\000p\000o\000s\000i\000t\000i\000o\000n}{subsection.C.6}% 74
\BOOKMARK [3][-]{subsubsection.C.6.3}{\376\377\000C\000r\000o\000s\000s\000-\000M\000o\000d\000e\000l\000\040\000A\000g\000r\000e\000e\000m\000e\000n\000t}{subsection.C.6}% 75
\BOOKMARK [1][-]{appendix.D}{\376\377\000T\000o\000p\000o\000l\000o\000g\000i\000c\000a\000l\000\040\000D\000a\000t\000a\000\040\000A\000n\000a\000l\000y\000s\000i\000s\000\040\000\050\000T\000D\000A\000\051\000\040\000M\000e\000t\000h\000o\000d\000o\000l\000o\000g\000y}{}% 76
\BOOKMARK [2][-]{subsection.D.1}{\376\377\000M\000o\000t\000i\000v\000a\000t\000i\000o\000n}{appendix.D}% 77
\BOOKMARK [2][-]{subsection.D.2}{\376\377\000P\000e\000r\000s\000i\000s\000t\000e\000n\000t\000\040\000H\000o\000m\000o\000l\000o\000g\000y}{appendix.D}% 78
\BOOKMARK [3][-]{subsubsection.D.2.1}{\376\377\000C\000o\000n\000s\000t\000r\000u\000c\000t\000i\000o\000n}{subsection.D.2}% 79
\BOOKMARK [3][-]{subsubsection.D.2.2}{\376\377\000F\000r\000a\000g\000m\000e\000n\000t\000a\000t\000i\000o\000n\000\040\000M\000e\000t\000r\000i\000c}{subsection.D.2}% 80
\BOOKMARK [2][-]{subsection.D.3}{\376\377\000R\000e\000s\000u\000l\000t\000s}{appendix.D}% 81
\BOOKMARK [2][-]{subsection.D.4}{\376\377\000L\000i\000m\000i\000t\000a\000t\000i\000o\000n\000s}{appendix.D}% 82
